<?xml version="1.0" encoding="UTF-8"?>
<!-- Generated by org.testng.reporters.JUnitXMLReporter -->
<testsuite hostname="W0472501MSMXT" ignored="0" name="Assertions" tests="1" failures="1" timestamp="2019-12-12T20:36:24 IST" time="0.006" errors="0">
  <testcase name="validateTitle" time="0.005" classname="testcases.TestCase_SoftAssertion">
    <failure type="java.lang.AssertionError" message="The following asserts failed:
	Title is not matching:  expected [Google] but found [Yahoo],
	Codition is not matching:  expected [false] but found [true],
	Test1 is getting failed:  expected [false] but found [true]">
      <![CDATA[java.lang.AssertionError: The following asserts failed:
Title is not matching:  expected [Google] but found [Yahoo],
Codition is not matching:  expected [false] but found [true],
Test1 is getting failed:  expected [false] but found [true]
at testcases.TestCase_SoftAssertion.validateTitle(TestCase_SoftAssertion.java:49)
at java.util.ArrayList.forEach(ArrayList.java:1257)
... Removed 29 stack frames]]>
    </failure>
  </testcase> <!-- validateTitle -->
</testsuite> <!-- Assertions -->
