<?xml version="1.0" encoding="UTF-8"?>
<!-- Generated by org.testng.reporters.JUnitXMLReporter -->
<testsuite hostname="W0472501MSMXT" ignored="12" name="Command line test" tests="13" failures="5" timestamp="2019-12-12T23:31:35 IST" time="0.039" errors="0">
  <testcase name="doUserReg" time="0.001" classname="regressionTest.TestCase1"/>
  <testcase name="doUserReg" time="0.0" classname="testcases.TestCase1"/>
  <testcase name="doLogin" time="0.0" classname="regressionTest.TestCase1"/>
  <testcase name="validateTitle" time="0.002" classname="regressionTest.TestCase2">
    <failure type="java.lang.AssertionError" message="expected [Google] but found [Yahoo]">
      <![CDATA[java.lang.AssertionError: expected [Google] but found [Yahoo]
at regressionTest.TestCase2.validateTitle(TestCase2.java:13)
at java.util.ArrayList.forEach(ArrayList.java:1257)
... Removed 42 stack frames]]>
    </failure>
  </testcase> <!-- validateTitle -->
  <testcase name="doLogin" time="0.0" classname="testcases.TestCase1"/>
  <testcase name="validateTitle" time="0.0" classname="testcases.TestCase2">
    <failure type="java.lang.AssertionError" message="expected [Google] but found [Yahoo]">
      <![CDATA[java.lang.AssertionError: expected [Google] but found [Yahoo]
at testcases.TestCase2.validateTitle(TestCase2.java:13)
at java.util.ArrayList.forEach(ArrayList.java:1257)
... Removed 42 stack frames]]>
    </failure>
  </testcase> <!-- validateTitle -->
  <testcase name="validateTitle" time="0.003" classname="testcases.TestCase_SoftAssertion">
    <failure type="java.lang.AssertionError" message="The following asserts failed:
	Title is not matching:  expected [Google] but found [Yahoo],
	Codition is not matching:  expected [false] but found [true],
	Test1 is getting failed:  expected [false] but found [true]">
      <![CDATA[java.lang.AssertionError: The following asserts failed:
Title is not matching:  expected [Google] but found [Yahoo],
Codition is not matching:  expected [false] but found [true],
Test1 is getting failed:  expected [false] but found [true]
at testcases.TestCase_SoftAssertion.validateTitle(TestCase_SoftAssertion.java:49)
at java.util.ArrayList.forEach(ArrayList.java:1257)
... Removed 39 stack frames]]>
    </failure>
  </testcase> <!-- validateTitle -->
  <testcase name="doUserReg" time="0.0" classname="testcases.TestCase_TestCaseDependency">
    <failure type="java.lang.AssertionError" message="User is not registered successfully">
      <![CDATA[java.lang.AssertionError: User is not registered successfully
at testcases.TestCase_TestCaseDependency.doUserReg(TestCase_TestCaseDependency.java:12)
at java.util.ArrayList.forEach(ArrayList.java:1257)
... Removed 38 stack frames]]>
    </failure>
  </testcase> <!-- doUserReg -->
  <testcase name="thirdTest" time="0.0" classname="testcases.TestCase_TestCaseDependency"/>
  <testcase name="doLogin" time="0.0" classname="testcases.TestCase_TestCaseDependency">
    <skipped/>
  </testcase> <!-- doLogin -->
  <testcase name="fourthTest" time="0.0" classname="testcases.TestCase_TestCaseDependency"/>
  <testcase name="doLogin" time="0.0" classname="testcases.TestFailures">
    <failure type="java.lang.AssertionError" message="Failing test case">
      <![CDATA[java.lang.AssertionError: Failing test case
at testcases.TestFailures.doLogin(TestFailures.java:10)
at java.util.ArrayList.forEach(ArrayList.java:1257)
... Removed 38 stack frames]]>
    </failure>
  </testcase> <!-- doLogin -->
  <testcase name="skipTest" time="0.0" classname="testcases.TestSkip">
    <skipped/>
  </testcase> <!-- skipTest -->
  <testcase name="@AfterSuite tearDown" time="0.0" classname="testcases.BaseTest">
    <ignored/>
  </testcase> <!-- @AfterSuite tearDown -->
  <testcase name="@AfterSuite tearDown" time="0.0" classname="testcases.BaseTest">
    <ignored/>
  </testcase> <!-- @AfterSuite tearDown -->
  <testcase name="@AfterSuite tearDown" time="0.0" classname="testcases.BaseTest">
    <ignored/>
  </testcase> <!-- @AfterSuite tearDown -->
  <testcase name="@AfterSuite tearDown" time="0.0" classname="testcases.BaseTest">
    <ignored/>
  </testcase> <!-- @AfterSuite tearDown -->
  <testcase name="@AfterSuite tearDown" time="0.0" classname="testcases.BaseTest">
    <ignored/>
  </testcase> <!-- @AfterSuite tearDown -->
  <testcase name="@AfterSuite tearDown" time="0.0" classname="testcases.BaseTest">
    <ignored/>
  </testcase> <!-- @AfterSuite tearDown -->
  <testcase name="@BeforeSuite setUp" time="0.0" classname="testcases.BaseTest">
    <ignored/>
  </testcase> <!-- @BeforeSuite setUp -->
  <testcase name="@BeforeSuite setUp" time="0.0" classname="testcases.BaseTest">
    <ignored/>
  </testcase> <!-- @BeforeSuite setUp -->
  <testcase name="@BeforeSuite setUp" time="0.0" classname="testcases.BaseTest">
    <ignored/>
  </testcase> <!-- @BeforeSuite setUp -->
  <testcase name="@BeforeSuite setUp" time="0.0" classname="testcases.BaseTest">
    <ignored/>
  </testcase> <!-- @BeforeSuite setUp -->
  <testcase name="@BeforeSuite setUp" time="0.0" classname="testcases.BaseTest">
    <ignored/>
  </testcase> <!-- @BeforeSuite setUp -->
  <testcase name="@BeforeSuite setUp" time="0.0" classname="testcases.BaseTest">
    <ignored/>
  </testcase> <!-- @BeforeSuite setUp -->
</testsuite> <!-- Command line test -->
