-------------------------------------------------------------------------------
Test set: TestSuite
-------------------------------------------------------------------------------
Tests run: 13, Failures: 5, Errors: 0, Skipped: 2, Time elapsed: 0.746 sec <<< FAILURE!
validateTitle(regressionTest.TestCase2)  Time elapsed: 0.004 sec  <<< FAILURE!
java.lang.AssertionError: expected [Google] but found [Yahoo]
	at org.testng.Assert.fail(Assert.java:97)
	at org.testng.Assert.assertEqualsImpl(Assert.java:136)
	at org.testng.Assert.assertEquals(Assert.java:118)
	at org.testng.Assert.assertEquals(Assert.java:575)
	at org.testng.Assert.assertEquals(Assert.java:585)
	at regressionTest.TestCase2.validateTitle(TestCase2.java:13)

validateTitle(testcases.TestCase2)  Time elapsed: 0 sec  <<< FAILURE!
java.lang.AssertionError: expected [Google] but found [Yahoo]
	at org.testng.Assert.fail(Assert.java:97)
	at org.testng.Assert.assertEqualsImpl(Assert.java:136)
	at org.testng.Assert.assertEquals(Assert.java:118)
	at org.testng.Assert.assertEquals(Assert.java:575)
	at org.testng.Assert.assertEquals(Assert.java:585)
	at testcases.TestCase2.validateTitle(TestCase2.java:13)

validateTitle(testcases.TestCase_SoftAssertion)  Time elapsed: 0.003 sec  <<< FAILURE!
java.lang.AssertionError: The following asserts failed:
	Title is not matching:  expected [Google] but found [Yahoo],
	Codition is not matching:  expected [false] but found [true],
	Test1 is getting failed:  expected [false] but found [true]
	at org.testng.asserts.SoftAssert.assertAll(SoftAssert.java:47)
	at org.testng.asserts.SoftAssert.assertAll(SoftAssert.java:31)
	at testcases.TestCase_SoftAssertion.validateTitle(TestCase_SoftAssertion.java:49)

doUserReg(testcases.TestCase_TestCaseDependency)  Time elapsed: 0.001 sec  <<< FAILURE!
java.lang.AssertionError: User is not registered successfully
	at org.testng.Assert.fail(Assert.java:97)
	at testcases.TestCase_TestCaseDependency.doUserReg(TestCase_TestCaseDependency.java:12)

doLogin(testcases.TestFailures)  Time elapsed: 0.001 sec  <<< FAILURE!
java.lang.AssertionError: Failing test case
	at org.testng.Assert.fail(Assert.java:97)
	at testcases.TestFailures.doLogin(TestFailures.java:10)

