<?xml version="1.0" encoding="UTF-8" ?>
<testsuite tests="13" failures="5" name="TestSuite" time="0.011" errors="0" skipped="2">
  <properties>
    <property name="java.runtime.name" value="Java(TM) SE Runtime Environment"/>
    <property name="sun.boot.library.path" value="C:\Program Files\Java\jdk1.8.0_221\jre\bin"/>
    <property name="java.vm.version" value="25.221-b11"/>
    <property name="java.vm.vendor" value="Oracle Corporation"/>
    <property name="maven.multiModuleProjectDirectory" value="C:\Users\Manish_Katepallewar\eclipse-workspace\TestNGLearning"/>
    <property name="java.vendor.url" value="http://java.oracle.com/"/>
    <property name="path.separator" value=";"/>
    <property name="guice.disable.misplaced.annotation.check" value="true"/>
    <property name="java.vm.name" value="Java HotSpot(TM) 64-Bit Server VM"/>
    <property name="file.encoding.pkg" value="sun.io"/>
    <property name="user.script" value=""/>
    <property name="user.country" value="US"/>
    <property name="sun.java.launcher" value="SUN_STANDARD"/>
    <property name="sun.os.patch.level" value=""/>
    <property name="java.vm.specification.name" value="Java Virtual Machine Specification"/>
    <property name="user.dir" value="C:\Users\Manish_Katepallewar\eclipse-workspace\TestNGLearning"/>
    <property name="java.runtime.version" value="1.8.0_221-b11"/>
    <property name="java.awt.graphicsenv" value="sun.awt.Win32GraphicsEnvironment"/>
    <property name="java.endorsed.dirs" value="C:\Program Files\Java\jdk1.8.0_221\jre\lib\endorsed"/>
    <property name="os.arch" value="amd64"/>
    <property name="java.io.tmpdir" value="C:\Users\MANISH~1\AppData\Local\Temp\"/>
    <property name="line.separator" value="
"/>
    <property name="java.vm.specification.vendor" value="Oracle Corporation"/>
    <property name="user.variant" value=""/>
    <property name="os.name" value="Windows 10"/>
    <property name="classworlds.conf" value="C:\Users\Manish_Katepallewar\eclipse-workspace\.metadata\.plugins\org.eclipse.m2e.launching\launches\m2conf7934790545106833626.tmp"/>
    <property name="sun.jnu.encoding" value="Cp1252"/>
    <property name="java.library.path" value="C:\Program Files\Java\jdk1.8.0_221\bin;C:\WINDOWS\Sun\Java\bin;C:\WINDOWS\system32;C:\WINDOWS;C:/Program Files/Java/jre1.8.0_221/bin/server;C:/Program Files/Java/jre1.8.0_221/bin;C:/Program Files/Java/jre1.8.0_221/lib/amd64;C:\ProgramData\Anaconda3;C:\ProgramData\Anaconda3\Library\mingw-w64\bin;C:\ProgramData\Anaconda3\Library\usr\bin;C:\ProgramData\Anaconda3\Library\bin;C:\ProgramData\Anaconda3\Scripts;C:\Program Files (x86)\Common Files\Oracle\Java\javapath;C:\Python_3.7.3\Scripts\;C:\Python_3.7.3\;C:\Scripts\;C:\;C:\ProgramData\Oracle\Java\javapath;C:\WINDOWS\system32;C:\WINDOWS;C:\WINDOWS\System32\Wbem;C:\WINDOWS\System32\WindowsPowerShell\v1.0\;C:\Program Files (x86)\Box\Box Edit\;C:\Program Files\Intel\WiFi\bin\;C:\Program Files\Common Files\Intel\WirelessCommon\;C:\Program Files (x86)\Webex\Webex\Applications;C:\Program Files\Git\cmd;C:\apache-maven-3.6.1\bin;C:\apache-tomcat-9.0.22\bin;C:\Program Files\nodejs\;C:\Program Files\Java\jdk1.8.0_221\bin;C:\Program Files (x86)\GitExtensions\;C:\Program Files\CrashPlan\jre\bin\server\;C:\Program Files\CrashPlan\jre\bin\;C:\Program Files (x86)\Google\Google Apps Migration\;C:\Program Files (x86)\Google\Google Apps Sync\;C:\Users\Manish_Katepallewar\AppData\Local\Microsoft\WindowsApps;;C:\Program Files\JetBrains\IntelliJ IDEA 2019.1.3\bin;;C:\Users\Manish_Katepallewar\AppData\Roaming\npm;C:\WINDOWS\system32;;."/>
    <property name="java.specification.name" value="Java Platform API Specification"/>
    <property name="java.class.version" value="52.0"/>
    <property name="sun.management.compiler" value="HotSpot 64-Bit Tiered Compilers"/>
    <property name="os.version" value="10.0"/>
    <property name="user.home" value="C:\Users\Manish_Katepallewar"/>
    <property name="user.timezone" value="Asia/Calcutta"/>
    <property name="java.awt.printerjob" value="sun.awt.windows.WPrinterJob"/>
    <property name="java.specification.version" value="1.8"/>
    <property name="file.encoding" value="Cp1252"/>
    <property name="user.name" value="Manish_Katepallewar"/>
    <property name="java.class.path" value="C:\Users\Manish_Katepallewar\.p2\pool\plugins\org.eclipse.m2e.maven.runtime_1.13.0.20190716-1623\jars\plexus-classworlds-2.6.0.jar"/>
    <property name="java.vm.specification.version" value="1.8"/>
    <property name="sun.arch.data.model" value="64"/>
    <property name="java.home" value="C:\Program Files\Java\jdk1.8.0_221\jre"/>
    <property name="sun.java.command" value="org.codehaus.plexus.classworlds.launcher.Launcher -B test"/>
    <property name="java.specification.vendor" value="Oracle Corporation"/>
    <property name="user.language" value="en"/>
    <property name="awt.toolkit" value="sun.awt.windows.WToolkit"/>
    <property name="java.vm.info" value="mixed mode"/>
    <property name="java.version" value="1.8.0_221"/>
    <property name="java.ext.dirs" value="C:\Program Files\Java\jdk1.8.0_221\jre\lib\ext;C:\WINDOWS\Sun\Java\lib\ext"/>
    <property name="sun.boot.class.path" value="C:\Program Files\Java\jdk1.8.0_221\jre\lib\resources.jar;C:\Program Files\Java\jdk1.8.0_221\jre\lib\rt.jar;C:\Program Files\Java\jdk1.8.0_221\jre\lib\sunrsasign.jar;C:\Program Files\Java\jdk1.8.0_221\jre\lib\jsse.jar;C:\Program Files\Java\jdk1.8.0_221\jre\lib\jce.jar;C:\Program Files\Java\jdk1.8.0_221\jre\lib\charsets.jar;C:\Program Files\Java\jdk1.8.0_221\jre\lib\jfr.jar;C:\Program Files\Java\jdk1.8.0_221\jre\classes"/>
    <property name="java.vendor" value="Oracle Corporation"/>
    <property name="maven.home" value="C:\Users\Manish_Katepallewar\eclipse-workspace\TestNGLearning\EMBEDDED"/>
    <property name="file.separator" value="\"/>
    <property name="java.vendor.url.bug" value="http://bugreport.sun.com/bugreport/"/>
    <property name="sun.cpu.endian" value="little"/>
    <property name="sun.io.unicode.encoding" value="UnicodeLittle"/>
    <property name="sun.desktop" value="windows"/>
    <property name="sun.cpu.isalist" value="amd64"/>
  </properties>
  <testcase classname="regressionTest.TestCase1" name="doUserReg" time="0.002"/>
  <testcase classname="testcases.TestCase1" name="doUserReg" time="0"/>
  <testcase classname="regressionTest.TestCase1" name="doLogin" time="0"/>
  <testcase classname="regressionTest.TestCase2" name="validateTitle" time="0.004">
    <failure message="expected [Google] but found [Yahoo]" type="java.lang.AssertionError">java.lang.AssertionError: expected [Google] but found [Yahoo]
	at org.testng.Assert.fail(Assert.java:97)
	at org.testng.Assert.assertEqualsImpl(Assert.java:136)
	at org.testng.Assert.assertEquals(Assert.java:118)
	at org.testng.Assert.assertEquals(Assert.java:575)
	at org.testng.Assert.assertEquals(Assert.java:585)
	at regressionTest.TestCase2.validateTitle(TestCase2.java:13)
</failure>
    <system-out>Closing Browser
</system-out>
  </testcase>
  <testcase classname="testcases.TestCase1" name="doLogin" time="0"/>
  <testcase classname="testcases.TestCase2" name="validateTitle" time="0">
    <failure message="expected [Google] but found [Yahoo]" type="java.lang.AssertionError">java.lang.AssertionError: expected [Google] but found [Yahoo]
	at org.testng.Assert.fail(Assert.java:97)
	at org.testng.Assert.assertEqualsImpl(Assert.java:136)
	at org.testng.Assert.assertEquals(Assert.java:118)
	at org.testng.Assert.assertEquals(Assert.java:575)
	at org.testng.Assert.assertEquals(Assert.java:585)
	at testcases.TestCase2.validateTitle(TestCase2.java:13)
</failure>
    <system-out>Closing Browser
</system-out>
  </testcase>
  <testcase classname="testcases.TestCase_SoftAssertion" name="validateTitle" time="0.003">
    <failure message="The following asserts failed:
	Title is not matching:  expected [Google] but found [Yahoo],
	Codition is not matching:  expected [false] but found [true],
	Test1 is getting failed:  expected [false] but found [true]" type="java.lang.AssertionError">java.lang.AssertionError: The following asserts failed:
	Title is not matching:  expected [Google] but found [Yahoo],
	Codition is not matching:  expected [false] but found [true],
	Test1 is getting failed:  expected [false] but found [true]
	at org.testng.asserts.SoftAssert.assertAll(SoftAssert.java:47)
	at org.testng.asserts.SoftAssert.assertAll(SoftAssert.java:31)
	at testcases.TestCase_SoftAssertion.validateTitle(TestCase_SoftAssertion.java:49)
</failure>
    <system-out>Biggining ...
Validating Title
Validating Conditions
Validating Test1
Ending...
</system-out>
  </testcase>
  <testcase classname="testcases.TestCase_TestCaseDependency" name="doUserReg" time="0.001">
    <failure message="User is not registered successfully" type="java.lang.AssertionError">java.lang.AssertionError: User is not registered successfully
	at org.testng.Assert.fail(Assert.java:97)
	at testcases.TestCase_TestCaseDependency.doUserReg(TestCase_TestCaseDependency.java:12)
</failure>
    <system-out>User registration
</system-out>
  </testcase>
  <testcase classname="testcases.TestCase_TestCaseDependency" name="thirdTest" time="0"/>
  <testcase classname="testcases.TestCase_TestCaseDependency" name="doLogin" time="0">
    <skipped/>
  </testcase>
  <testcase classname="testcases.TestCase_TestCaseDependency" name="fourthTest" time="0"/>
  <testcase classname="testcases.TestFailures" name="doLogin" time="0.001">
    <failure message="Failing test case" type="java.lang.AssertionError">java.lang.AssertionError: Failing test case
	at org.testng.Assert.fail(Assert.java:97)
	at testcases.TestFailures.doLogin(TestFailures.java:10)
</failure>
  </testcase>
  <testcase classname="testcases.TestSkip" name="skipTest" time="0">
    <skipped/>
  </testcase>
</testsuite>