<!DOCTYPE html PUBLIC "-//W3C//DTD XHTML 1.1//EN" "http://www.w3.org/TR/xhtml11/DTD/xhtml11.dtd">
<html xmlns="http://www.w3.org/1999/xhtml">
<head>
<meta http-equiv="content-type" content="text/html; charset=UTF-8"/>
<title>TestNG Report</title>
<style type="text/css">table {margin-bottom:10px;border-collapse:collapse;empty-cells:show}th,td {border:1px solid #009;padding:.25em .5em}th {vertical-align:bottom}td {vertical-align:top}table a {font-weight:bold}.stripe td {background-color: #E6EBF9}.num {text-align:right}.passedodd td {background-color: #3F3}.passedeven td {background-color: #0A0}.skippedodd td {background-color: #DDD}.skippedeven td {background-color: #CCC}.failedodd td,.attn {background-color: #F33}.failedeven td,.stripe .attn {background-color: #D00}.stacktrace {white-space:pre;font-family:monospace}.totop {font-size:85%;text-align:center;border-bottom:2px solid #000}.invisible {display:none}</style>
</head>
<body>
<table>
<tr><th>Test</th><th># Passed</th><th># Skipped</th><th># Retried</th><th># Failed</th><th>Time (ms)</th><th>Included Groups</th><th>Excluded Groups</th></tr>
<tr><th colspan="7">Functional Suite</th></tr>
<tr><td><a href="#t0">Login Test</a></td><td class="num">2</td><td class="num">0</td><td class="num">0</td><td class="num">0</td><td class="num">36</td><td></td><td></td></tr>
<tr class="stripe"><td><a href="#t1">Validate Titile Name</a></td><td class="num">0</td><td class="num">0</td><td class="num">0</td><td class="num attn">1</td><td class="num">10</td><td></td><td></td></tr>
<tr><td><a href="#t2">Test Dependency</a></td><td class="num">2</td><td class="num attn">1</td><td class="num">0</td><td class="num attn">1</td><td class="num">15</td><td></td><td></td></tr>
<tr class="stripe"><td><a href="#t3">Test Failure</a></td><td class="num">0</td><td class="num">0</td><td class="num">0</td><td class="num attn">1</td><td class="num">3</td><td></td><td></td></tr>
<tr><td><a href="#t4">Assertions</a></td><td class="num">0</td><td class="num">0</td><td class="num">0</td><td class="num attn">1</td><td class="num">5</td><td></td><td></td></tr>
<tr><th>Total</th><th class="num">4</th><th class="num attn">1</th><th class="num">0</th><th class="num attn">4</th><th class="num">69</th><th colspan="2"></th></tr>
</table>
<table id='summary'><thead><tr><th>Class</th><th>Method</th><th>Start</th><th>Time (ms)</th></tr></thead><tbody><tr><th colspan="4">Functional Suite</th></tr></tbody><tbody id="t0"><tr><th colspan="4">Login Test &#8212; passed</th></tr><tr class="passedeven"><td rowspan="2">testcases.TestCase1</td><td><a href="#m0">doLogin</a></td><td rowspan="1">1576163831189</td><td rowspan="1">2</td></tr><tr class="passedeven"><td><a href="#m1">doUserReg</a></td><td rowspan="1">1576163831177</td><td rowspan="1">6</td></tr></tbody>
<tbody id="t1"><tr><th colspan="4">Validate Titile Name &#8212; failed</th></tr><tr class="failedeven"><td rowspan="1">testcases.TestCase2</td><td><a href="#m2">validateTitle</a></td><td rowspan="1">1576163831264</td><td rowspan="1">3</td></tr></tbody>
<tbody id="t2"><tr><th colspan="4">Test Dependency &#8212; failed</th></tr><tr class="failedeven"><td rowspan="1">testcases.TestCase_TestCaseDependency</td><td><a href="#m3">doUserReg</a></td><td rowspan="1">1576163831311</td><td rowspan="1">1</td></tr><tr><th colspan="4">Test Dependency &#8212; skipped</th></tr><tr class="skippedeven"><td rowspan="1">testcases.TestCase_TestCaseDependency</td><td><a href="#m4">doLogin</a></td><td rowspan="1">1576163831318</td><td rowspan="1">0</td></tr><tr><th colspan="4">Test Dependency &#8212; passed</th></tr><tr class="passedeven"><td rowspan="2">testcases.TestCase_TestCaseDependency</td><td><a href="#m5">fourthTest</a></td><td rowspan="1">1576163831321</td><td rowspan="1">2</td></tr><tr class="passedeven"><td><a href="#m6">thirdTest</a></td><td rowspan="1">1576163831315</td><td rowspan="1">1</td></tr></tbody>
<tbody id="t3"><tr><th colspan="4">Test Failure &#8212; failed</th></tr><tr class="failedeven"><td rowspan="1">testcases.TestFailures</td><td><a href="#m7">doLogin</a></td><td rowspan="1">1576163831359</td><td rowspan="1">0</td></tr></tbody>
<tbody id="t4"><tr><th colspan="4">Assertions &#8212; failed</th></tr><tr class="failedeven"><td rowspan="1">testcases.TestCase_SoftAssertion</td><td><a href="#m8">validateTitle</a></td><td rowspan="1">1576163831382</td><td rowspan="1">4</td></tr></tbody>
</table>
<h2>Login Test</h2><h3 id="m0">testcases.TestCase1#doLogin</h3><table class="result"><tr><th class="invisible"/></tr></table><p class="totop"><a href="#summary">back to summary</a></p>
<h3 id="m1">testcases.TestCase1#doUserReg</h3><table class="result"><tr><th class="invisible"/></tr></table><p class="totop"><a href="#summary">back to summary</a></p>
<h2>Validate Titile Name</h2><h3 id="m2">testcases.TestCase2#validateTitle</h3><table class="result"><tr><th>Exception</th></tr><tr><td><div class="stacktrace">java.lang.AssertionError: expected [Google] but found [Yahoo]
	at testcases.TestCase2.validateTitle(TestCase2.java:13)
	at java.util.ArrayList.forEach(ArrayList.java:1257)
... Removed 32 stack frames</div></td></tr></table><p class="totop"><a href="#summary">back to summary</a></p>
<h2>Test Dependency</h2><h3 id="m3">testcases.TestCase_TestCaseDependency#doUserReg</h3><table class="result"><tr><th>Exception</th></tr><tr><td><div class="stacktrace">java.lang.AssertionError: User is not registered successfully
	at testcases.TestCase_TestCaseDependency.doUserReg(TestCase_TestCaseDependency.java:12)
	at java.util.ArrayList.forEach(ArrayList.java:1257)
... Removed 28 stack frames</div></td></tr></table><p class="totop"><a href="#summary">back to summary</a></p>
<h3 id="m4">testcases.TestCase_TestCaseDependency#doLogin</h3><table class="result"><tr><th>Exception</th></tr><tr><td><div class="stacktrace">java.lang.Throwable: Method TestCase_TestCaseDependency.doLogin()[pri:3, instance:testcases.TestCase_TestCaseDependency@2758fe70] depends on not successfully finished methods
	at java.util.ArrayList.forEach(ArrayList.java:1257)
... Removed 18 stack frames</div></td></tr></table><p class="totop"><a href="#summary">back to summary</a></p>
<h3 id="m5">testcases.TestCase_TestCaseDependency#fourthTest</h3><table class="result"><tr><th class="invisible"/></tr></table><p class="totop"><a href="#summary">back to summary</a></p>
<h3 id="m6">testcases.TestCase_TestCaseDependency#thirdTest</h3><table class="result"><tr><th class="invisible"/></tr></table><p class="totop"><a href="#summary">back to summary</a></p>
<h2>Test Failure</h2><h3 id="m7">testcases.TestFailures#doLogin</h3><table class="result"><tr><th>Exception</th></tr><tr><td><div class="stacktrace">java.lang.AssertionError: Failing test case
	at testcases.TestFailures.doLogin(TestFailures.java:10)
	at java.util.ArrayList.forEach(ArrayList.java:1257)
... Removed 28 stack frames</div></td></tr></table><p class="totop"><a href="#summary">back to summary</a></p>
<h2>Assertions</h2><h3 id="m8">testcases.TestCase_SoftAssertion#validateTitle</h3><table class="result"><tr><th>Exception</th></tr><tr><td><div class="stacktrace">java.lang.AssertionError: The following asserts failed:
	Title is not matching:  expected [Google] but found [Yahoo],
	Codition is not matching:  expected [false] but found [true],
	Test1 is getting failed:  expected [false] but found [true]
	at testcases.TestCase_SoftAssertion.validateTitle(TestCase_SoftAssertion.java:49)
	at java.util.ArrayList.forEach(ArrayList.java:1257)
... Removed 29 stack frames</div></td></tr></table><p class="totop"><a href="#summary">back to summary</a></p>
</body>
</html>
